<?xml version="1.0" encoding="UTF-8"?>
<!-- Generated by org.testng.reporters.JUnitXMLReporter -->
<testsuite hostname="DESKTOP-GHPCFP7" ignored="4" name="Default test" tests="1" failures="0" timestamp="2021-04-16T13:07:34 IST" time="81.293" errors="0">
  <testcase name="order_reference" time="60.499" classname="com.Scripts.Shop"/>
  <testcase name="adding_products_to_cart" time="0.0" classname="com.Scripts.Shop">
    <ignored/>
  </testcase> <!-- adding_products_to_cart -->
  <testcase name="view_and_placeorder" time="0.0" classname="com.Scripts.Shop">
    <ignored/>
  </testcase> <!-- view_and_placeorder -->
  <testcase name="product_Search" time="0.0" classname="com.Scripts.Shop">
    <ignored/>
  </testcase> <!-- product_Search -->
  <testcase name="login" time="0.0" classname="com.Scripts.Shop">
    <ignored/>
  </testcase> <!-- login -->
</testsuite> <!-- Default test -->
