<?xml version="1.0" encoding="UTF-8"?>
<testng-results ignored="4" total="5" passed="1" failed="0" skipped="0">
  <reporter-output>
  </reporter-output>
  <suite started-at="2021-04-16T14:56:02 IST" name="Default suite" finished-at="2021-04-16T14:58:13 IST" duration-ms="131646">
    <groups>
    </groups>
    <test started-at="2021-04-16T14:56:02 IST" name="Default test" finished-at="2021-04-16T14:58:13 IST" duration-ms="131646">
      <class name="com.Scripts.Shop">
        <test-method is-config="true" signature="launch_Application()[pri:0, instance:com.Scripts.Shop@147ed70f]" started-at="2021-04-16T14:56:02 IST" name="launch_Application" finished-at="2021-04-16T14:56:45 IST" duration-ms="43658" status="PASS">
          <reporter-output>
          </reporter-output>
        </test-method> <!-- launch_Application -->
        <test-method signature="order_reference()[pri:0, instance:com.Scripts.Shop@147ed70f]" started-at="2021-04-16T14:56:45 IST" name="order_reference" finished-at="2021-04-16T14:58:13 IST" duration-ms="87369" status="PASS">
          <reporter-output>
          </reporter-output>
        </test-method> <!-- order_reference -->
        <test-method is-config="true" signature="teardown()[pri:0, instance:com.Scripts.Shop@147ed70f]" started-at="2021-04-16T14:58:13 IST" name="teardown" finished-at="2021-04-16T14:58:13 IST" duration-ms="581" status="PASS">
          <reporter-output>
          </reporter-output>
        </test-method> <!-- teardown -->
      </class> <!-- com.Scripts.Shop -->
    </test> <!-- Default test -->
  </suite> <!-- Default suite -->
</testng-results>
